<?xml version="1.0" encoding="UTF-8"?>
<!-- Generated by org.testng.reporters.JUnitReportReporter -->
<testsuite hostname="seleniuminstance2-0" failures="0" tests="1" name="runner.Testcase3" time="16.463" errors="0" timestamp="2023-09-21T09:53:51 UTC" skipped="0">
  <testcase classname="runner.Testcase3" name="TC_003" time="16.463"/>
</testsuite> <!-- runner.Testcase3 -->
