<?xml version="1.0" encoding="UTF-8"?>
<!-- Generated by org.testng.reporters.JUnitReportReporter -->
<testsuite hostname="eeacbaabacebb305582530dcafeabaffdedathree-0" failures="0" tests="3" name="runner.Test_dbankApplication" time="56.371" errors="0" timestamp="2023-09-29T04:11:04 UTC" skipped="0">
  <testcase classname="runner.Test_dbankApplication" name="verifySignIn" time="9.736"/>
  <testcase classname="runner.Test_dbankApplication" name="verifyDeposit" time="24.266"/>
  <testcase classname="runner.Test_dbankApplication" name="verifyWithdraw" time="22.369"/>
</testsuite> <!-- runner.Test_dbankApplication -->
