<?xml version="1.0" encoding="UTF-8"?>
<!-- Generated by org.testng.reporters.JUnitReportReporter -->
<testsuite hostname="eeacbaabacebb305582530dcafeabaffdedathree-0" failures="0" tests="3" name="runner.Test_dbankApplication" time="32.372" errors="0" timestamp="2023-09-29T04:12:52 UTC" skipped="0">
  <testcase classname="runner.Test_dbankApplication" name="verifySignIn" time="8.276"/>
  <testcase classname="runner.Test_dbankApplication" name="verifyDeposit" time="12.076"/>
  <testcase classname="runner.Test_dbankApplication" name="verifyWithdraw" time="12.020"/>
</testsuite> <!-- runner.Test_dbankApplication -->
