<?xml version="1.0" encoding="UTF-8"?>
<!-- Generated by org.testng.reporters.JUnitReportReporter -->
<testsuite hostname="seleniuminstance2-0" failures="0" tests="1" name="runner.Testcase1" time="9.159" errors="0" timestamp="2023-09-21T09:53:51 UTC" skipped="0">
  <testcase classname="runner.Testcase1" name="TC_001" time="9.159"/>
</testsuite> <!-- runner.Testcase1 -->
